> Task :compileJava UP-TO-DATE
> Task :processResources UP-TO-DATE
> Task :classes UP-TO-DATE
> Task :resolveMainClassName

> Task :bootRun

  .   ____          _            __ _ _
 /\\ / ___'_ __ _ _(_)_ __  __ _ \ \ \ \
( ( )\___ | '_ | '_| | '_ \/ _` | \ \ \ \
 \\/  ___)| |_)| | | | | || (_| |  ) ) ) )
  '  |____| .__|_| |_|_| |_\__, | / / / /
 =========|_|==============|___/=/_/_/_/

 :: Spring Boot ::                (v3.3.2)

2025-06-21T10:04:14.432+09:00  INFO 26153 --- [football_project] [           main] c.s.f.FootballProjectApplication         : Starting FootballProjectApplication using Java 17.0.14 with PID 26153 (/Users/hwangsang-ik/IdeaProjects/football_project/build/classes/java/main started by hwangsang-ig in /Users/hwangsang-ik/IdeaProjects/football_project)
2025-06-21T10:04:14.433+09:00  INFO 26153 --- [football_project] [           main] c.s.f.FootballProjectApplication         : No active profile set, falling back to 1 default profile: "default"
2025-06-21T10:04:14.789+09:00  INFO 26153 --- [football_project] [           main] .s.d.r.c.RepositoryConfigurationDelegate : Multiple Spring Data modules found, entering strict repository configuration mode
2025-06-21T10:04:14.790+09:00  INFO 26153 --- [football_project] [           main] .s.d.r.c.RepositoryConfigurationDelegate : Bootstrapping Spring Data JPA repositories in DEFAULT mode.
2025-06-21T10:04:14.905+09:00  INFO 26153 --- [football_project] [           main] .s.d.r.c.RepositoryConfigurationDelegate : Finished Spring Data repository scanning in 111 ms. Found 11 JPA repository interfaces.
2025-06-21T10:04:14.911+09:00  INFO 26153 --- [football_project] [           main] .s.d.r.c.RepositoryConfigurationDelegate : Multiple Spring Data modules found, entering strict repository configuration mode
2025-06-21T10:04:14.911+09:00  INFO 26153 --- [football_project] [           main] .s.d.r.c.RepositoryConfigurationDelegate : Bootstrapping Spring Data Redis repositories in DEFAULT mode.
2025-06-21T10:04:14.919+09:00  INFO 26153 --- [football_project] [           main] .RepositoryConfigurationExtensionSupport : Spring Data Redis - Could not safely identify store assignment for repository candidate interface com.side.football_project.domain.admin.repository.AdminRepository; If you want this repository to be a Redis repository, consider annotating your entities with one of these annotations: org.springframework.data.redis.core.RedisHash (preferred), or consider extending one of the following types with your repository: org.springframework.data.keyvalue.repository.KeyValueRepository
2025-06-21T10:04:14.919+09:00  INFO 26153 --- [football_project] [           main] .RepositoryConfigurationExtensionSupport : Spring Data Redis - Could not safely identify store assignment for repository candidate interface com.side.football_project.domain.match.repository.MatchRepository; If you want this repository to be a Redis repository, consider annotating your entities with one of these annotations: org.springframework.data.redis.core.RedisHash (preferred), or consider extending one of the following types with your repository: org.springframework.data.keyvalue.repository.KeyValueRepository
2025-06-21T10:04:14.920+09:00  INFO 26153 --- [football_project] [           main] .RepositoryConfigurationExtensionSupport : Spring Data Redis - Could not safely identify store assignment for repository candidate interface com.side.football_project.domain.match.repository.MatchUserRepository; If you want this repository to be a Redis repository, consider annotating your entities with one of these annotations: org.springframework.data.redis.core.RedisHash (preferred), or consider extending one of the following types with your repository: org.springframework.data.keyvalue.repository.KeyValueRepository
2025-06-21T10:04:14.920+09:00  INFO 26153 --- [football_project] [           main] .RepositoryConfigurationExtensionSupport : Spring Data Redis - Could not safely identify store assignment for repository candidate interface com.side.football_project.domain.reservation.repository.ReservationRepository; If you want this repository to be a Redis repository, consider annotating your entities with one of these annotations: org.springframework.data.redis.core.RedisHash (preferred), or consider extending one of the following types with your repository: org.springframework.data.keyvalue.repository.KeyValueRepository
2025-06-21T10:04:14.920+09:00  INFO 26153 --- [football_project] [           main] .RepositoryConfigurationExtensionSupport : Spring Data Redis - Could not safely identify store assignment for repository candidate interface com.side.football_project.domain.shorts.repository.ShortsRepository; If you want this repository to be a Redis repository, consider annotating your entities with one of these annotations: org.springframework.data.redis.core.RedisHash (preferred), or consider extending one of the following types with your repository: org.springframework.data.keyvalue.repository.KeyValueRepository
2025-06-21T10:04:14.920+09:00  INFO 26153 --- [football_project] [           main] .RepositoryConfigurationExtensionSupport : Spring Data Redis - Could not safely identify store assignment for repository candidate interface com.side.football_project.domain.stadium.repository.StadiumRepository; If you want this repository to be a Redis repository, consider annotating your entities with one of these annotations: org.springframework.data.redis.core.RedisHash (preferred), or consider extending one of the following types with your repository: org.springframework.data.keyvalue.repository.KeyValueRepository
2025-06-21T10:04:14.920+09:00  INFO 26153 --- [football_project] [           main] .RepositoryConfigurationExtensionSupport : Spring Data Redis - Could not safely identify store assignment for repository candidate interface com.side.football_project.domain.stadium.repository.VendorStadiumRepository; If you want this repository to be a Redis repository, consider annotating your entities with one of these annotations: org.springframework.data.redis.core.RedisHash (preferred), or consider extending one of the following types with your repository: org.springframework.data.keyvalue.repository.KeyValueRepository
2025-06-21T10:04:14.920+09:00  INFO 26153 --- [football_project] [           main] .RepositoryConfigurationExtensionSupport : Spring Data Redis - Could not safely identify store assignment for repository candidate interface com.side.football_project.domain.team.repository.TeamMemberRepository; If you want this repository to be a Redis repository, consider annotating your entities with one of these annotations: org.springframework.data.redis.core.RedisHash (preferred), or consider extending one of the following types with your repository: org.springframework.data.keyvalue.repository.KeyValueRepository
2025-06-21T10:04:14.920+09:00  INFO 26153 --- [football_project] [           main] .RepositoryConfigurationExtensionSupport : Spring Data Redis - Could not safely identify store assignment for repository candidate interface com.side.football_project.domain.team.repository.TeamRepository; If you want this repository to be a Redis repository, consider annotating your entities with one of these annotations: org.springframework.data.redis.core.RedisHash (preferred), or consider extending one of the following types with your repository: org.springframework.data.keyvalue.repository.KeyValueRepository
2025-06-21T10:04:14.920+09:00  INFO 26153 --- [football_project] [           main] .RepositoryConfigurationExtensionSupport : Spring Data Redis - Could not safely identify store assignment for repository candidate interface com.side.football_project.domain.user.repository.UserRepository; If you want this repository to be a Redis repository, consider annotating your entities with one of these annotations: org.springframework.data.redis.core.RedisHash (preferred), or consider extending one of the following types with your repository: org.springframework.data.keyvalue.repository.KeyValueRepository
2025-06-21T10:04:14.920+09:00  INFO 26153 --- [football_project] [           main] .RepositoryConfigurationExtensionSupport : Spring Data Redis - Could not safely identify store assignment for repository candidate interface com.side.football_project.domain.vendor.repository.VendorRepository; If you want this repository to be a Redis repository, consider annotating your entities with one of these annotations: org.springframework.data.redis.core.RedisHash (preferred), or consider extending one of the following types with your repository: org.springframework.data.keyvalue.repository.KeyValueRepository
2025-06-21T10:04:14.921+09:00  INFO 26153 --- [football_project] [           main] .s.d.r.c.RepositoryConfigurationDelegate : Finished Spring Data repository scanning in 5 ms. Found 0 Redis repository interfaces.
2025-06-21T10:04:15.195+09:00  INFO 26153 --- [football_project] [           main] o.s.b.w.embedded.tomcat.TomcatWebServer  : Tomcat initialized with port 8080 (http)
2025-06-21T10:04:15.199+09:00  INFO 26153 --- [football_project] [           main] o.apache.catalina.core.StandardService   : Starting service [Tomcat]
2025-06-21T10:04:15.199+09:00  INFO 26153 --- [football_project] [           main] o.apache.catalina.core.StandardEngine    : Starting Servlet engine: [Apache Tomcat/10.1.26]
2025-06-21T10:04:15.221+09:00  INFO 26153 --- [football_project] [           main] o.a.c.c.C.[Tomcat].[localhost].[/]       : Initializing Spring embedded WebApplicationContext
2025-06-21T10:04:15.221+09:00  INFO 26153 --- [football_project] [           main] w.s.c.ServletWebServerApplicationContext : Root WebApplicationContext: initialization completed in 772 ms
2025-06-21T10:04:15.325+09:00  WARN 26153 --- [football_project] [           main] i.n.r.d.DnsServerAddressStreamProviders  : Can not find io.netty.resolver.dns.macos.MacOSDnsServerAddressStreamProvider in the classpath, fallback to system defaults. This may result in incorrect DNS resolutions on MacOS. Check whether you have a dependency on 'io.netty:netty-resolver-dns-native-macos'
2025-06-21T10:04:15.434+09:00  INFO 26153 --- [football_project] [           main] o.hibernate.jpa.internal.util.LogHelper  : HHH000204: Processing PersistenceUnitInfo [name: default]
2025-06-21T10:04:15.451+09:00  INFO 26153 --- [football_project] [           main] org.hibernate.Version                    : HHH000412: Hibernate ORM core version 6.5.2.Final
2025-06-21T10:04:15.460+09:00  INFO 26153 --- [football_project] [           main] o.h.c.internal.RegionFactoryInitiator    : HHH000026: Second-level cache disabled
2025-06-21T10:04:15.557+09:00  INFO 26153 --- [football_project] [           main] o.s.o.j.p.SpringPersistenceUnitInfo      : No LoadTimeWeaver setup: ignoring JPA class transformer
2025-06-21T10:04:15.565+09:00  INFO 26153 --- [football_project] [           main] com.zaxxer.hikari.HikariDataSource       : HikariPool-1 - Starting...
2025-06-21T10:04:15.671+09:00  INFO 26153 --- [football_project] [           main] com.zaxxer.hikari.pool.HikariPool        : HikariPool-1 - Added connection com.mysql.cj.jdbc.ConnectionImpl@4351d055
2025-06-21T10:04:15.671+09:00  INFO 26153 --- [football_project] [           main] com.zaxxer.hikari.HikariDataSource       : HikariPool-1 - Start completed.
2025-06-21T10:04:15.692+09:00  WARN 26153 --- [football_project] [           main] org.hibernate.orm.deprecation            : HHH90000025: MySQLDialect does not need to be specified explicitly using 'hibernate.dialect' (remove the property setting and it will be selected by default)
2025-06-21T10:04:16.069+09:00  INFO 26153 --- [football_project] [           main] o.h.e.t.j.p.i.JtaPlatformInitiator       : HHH000489: No JTA platform available (set 'hibernate.transaction.jta.platform' to enable JTA platform integration)
Hibernate: 
    alter table vendors 
       modify column description TEXT
2025-06-21T10:04:16.158+09:00  INFO 26153 --- [football_project] [           main] j.LocalContainerEntityManagerFactoryBean : Initialized JPA EntityManagerFactory for persistence unit 'default'
2025-06-21T10:04:16.271+09:00  INFO 26153 --- [football_project] [           main] o.s.d.j.r.query.QueryEnhancerFactory     : Hibernate is in classpath; If applicable, HQL parser will be used.
2025-06-21T10:04:16.415+09:00 DEBUG 26153 --- [football_project] [           main] c.s.f.global.security.filter.AuthFilter  : Filter 'authFilter' configured for use
2025-06-21T10:04:16.436+09:00  WARN 26153 --- [football_project] [           main] JpaBaseConfiguration$JpaWebConfiguration : spring.jpa.open-in-view is enabled by default. Therefore, database queries may be performed during view rendering. Explicitly configure spring.jpa.open-in-view to disable this warning
2025-06-21T10:04:16.505+09:00  WARN 26153 --- [football_project] [           main] r$InitializeUserDetailsManagerConfigurer : Found 3 UserDetailsService beans, with names [adminUserDetailsService, customUserDetailsService, vendorUserDetailsService]. Global Authentication Manager will not use a UserDetailsService for username/password login. Consider publishing a single UserDetailsService bean.
2025-06-21T10:04:16.856+09:00  INFO 26153 --- [football_project] [           main] org.redisson.Version                     : Redisson 3.22.1
2025-06-21T10:04:16.911+09:00  INFO 26153 --- [football_project] [isson-netty-4-5] o.r.c.pool.MasterPubSubConnectionPool    : 1 connections initialized for localhost/127.0.0.1:6379
2025-06-21T10:04:16.924+09:00  INFO 26153 --- [football_project] [sson-netty-4-24] o.r.c.pool.MasterConnectionPool          : 10 connections initialized for localhost/127.0.0.1:6379
2025-06-21T10:04:16.969+09:00  INFO 26153 --- [football_project] [           main] o.s.b.a.w.s.WelcomePageHandlerMapping    : Adding welcome page: class path resource [static/index.html]
2025-06-21T10:04:17.041+09:00  INFO 26153 --- [football_project] [           main] o.s.b.a.e.web.EndpointLinksResolver      : Exposing 1 endpoint beneath base path '/actuator'
2025-06-21T10:04:17.202+09:00  INFO 26153 --- [football_project] [           main] o.s.b.w.embedded.tomcat.TomcatWebServer  : Tomcat started on port 8080 (http) with context path '/'
2025-06-21T10:04:17.209+09:00  INFO 26153 --- [football_project] [           main] c.s.f.FootballProjectApplication         : Started FootballProjectApplication in 2.899 seconds (process running for 3.025)
Hibernate: 
    /* <criteria> */ select
        a1_0.id 
    from
        admin a1_0 
    where
        a1_0.email=? 
    limit
        ?
2025-06-21T10:04:17.263+09:00  INFO 26153 --- [football_project] [           main] c.s.f.global.config.DataInitializer      : 기본 관리자 계정이 이미 존재합니다: admin@football.com
2025-06-21T10:05:24.953+09:00  INFO 26153 --- [football_project] [nio-8080-exec-1] o.a.c.c.C.[Tomcat].[localhost].[/]       : Initializing Spring DispatcherServlet 'dispatcherServlet'
2025-06-21T10:05:24.954+09:00  INFO 26153 --- [football_project] [nio-8080-exec-1] o.s.web.servlet.DispatcherServlet        : Initializing Servlet 'dispatcherServlet'
2025-06-21T10:05:24.955+09:00  INFO 26153 --- [football_project] [nio-8080-exec-1] o.s.web.servlet.DispatcherServlet        : Completed initialization in 1 ms
2025-06-21T10:05:24.966+09:00  INFO 26153 --- [football_project] [nio-8080-exec-1] c.s.f.global.security.filter.AuthFilter  : 요청 URI: /auth/login, Method: POST
2025-06-21T10:05:24.967+09:00  INFO 26153 --- [football_project] [nio-8080-exec-1] c.s.f.global.security.filter.AuthFilter  : WHITE_LIST에 포함된 경로: /auth/login [POST]
Hibernate: 
    /* <criteria> */ select
        u1_0.id,
        u1_0.age,
        u1_0.created_at,
        u1_0.email,
        u1_0.name,
        u1_0.password,
        u1_0.phone_number,
        u1_0.role,
        u1_0.tier 
    from
        user u1_0 
    where
        u1_0.email=?
2025-06-21T10:05:25.230+09:00 ERROR 26153 --- [football_project] [nio-8080-exec-1] c.s.f.g.c.e.CustomExceptionHandler       : RuntimeException occurred: Error in execution
